2020-04-08T13:37:35+00:00 DEBUG 
====Stripe Version: 4.3.3====
====Start Log====
Keys are not set correctly.
====End Log====


2020-04-08T13:44:07+00:00 DEBUG 
====Stripe Version: 4.3.3====
====Start Log====
Keys are not set correctly.
====End Log====


2020-04-08T16:52:55+00:00 DEBUG 
====Stripe Version: 4.3.3====
====Start Log====
Keys are not set correctly.
====End Log====


2020-04-08T16:54:12+00:00 DEBUG 
====Stripe Version: 4.3.3====
====Start Log====
Keys are not set correctly.
====End Log====


2020-04-08T17:35:42+00:00 DEBUG 
====Stripe Version: 4.3.3====
====Start Log====
Keys are not set correctly.
====End Log====


